    {
        "record_number": 2185143,
        "timestamp": "Tue Jul  1 15:30:20 2025",
        "event_type": "Audit Success",
        "event_id": 4672,
        "category": 12548,
        "source": "Microsoft-Windows-Security-Auditing",
        "computer": "MRBLACK",
        "message": "('S-1-5-18', 'SYSTEM', 'NT AUTHORITY', '0x3e7', 'SeAssignPrimaryTokenPrivilege\\r\\n\\t\\t\\tSeTcbPrivilege\\r\\n\\t\\t\\tSeSecurityPrivilege\\r\\n\\t\\t\\tSeTakeOwnershipPrivilege\\r\\n\\t\\t\\tSeLoadDriverPrivilege\\r\\n\\t\\t\\tSeBackupPrivilege\\r\\n\\t\\t\\tSeRestorePrivilege\\r\\n\\t\\t\\tSeDebugPrivilege\\r\\n\\t\\t\\tSeAuditPrivilege\\r\\n\\t\\t\\tSeSystemEnvironmentPrivilege\\r\\n\\t\\t\\tSeImpersonatePrivilege\\r\\n\\t\\t\\tSeDelegateSessionUserImpersonatePrivilege')"
    },
    {
        "record_number": 2185142,
        "timestamp": "Tue Jul  1 15:30:20 2025",
        "event_type": "Audit Success",
        "event_id": 4624,
        "category": 12544,
        "source": "Microsoft-Windows-Security-Auditing",
        "computer": "MRBLACK",
        "message": "('S-1-5-18', 'MRBLACK$', 'WORKGROUP', '0x3e7', 'S-1-5-18', 'SYSTEM', 'NT AUTHORITY', '0x3e7', '5', 'Advapi  ', 'Negotiate', '-', '{00000000-0000-0000-0000-000000000000}', '-', '-', '0', '0x2d8', 'C:\\\\Windows\\\\System32\\\\services.exe', '-', '-', '%%1833', '-', '-', '-', '%%1843', '0x0', '%%1842')"
    },
    {
        "record_number": 2185141,
        "timestamp": "Tue Jul  1 15:27:13 2025",
        "event_type": "Audit Success",
        "event_id": 4672,
        "category": 12548,
        "source": "Microsoft-Windows-Security-Auditing",
        "computer": "MRBLACK",
        "message": "('S-1-5-18', 'SYSTEM', 'NT AUTHORITY', '0x3e7', 'SeAssignPrimaryTokenPrivilege\\r\\n\\t\\t\\tSeTcbPrivilege\\r\\n\\t\\t\\tSeSecurityPrivilege\\r\\n\\t\\t\\tSeTakeOwnershipPrivilege\\r\\n\\t\\t\\tSeLoadDriverPrivilege\\r\\n\\t\\t\\tSeBackupPrivilege\\r\\n\\t\\t\\tSeRestorePrivilege\\r\\n\\t\\t\\tSeDebugPrivilege\\r\\n\\t\\t\\tSeAuditPrivilege\\r\\n\\t\\t\\tSeSystemEnvironmentPrivilege\\r\\n\\t\\t\\tSeImpersonatePrivilege\\r\\n\\t\\t\\tSeDelegateSessionUserImpersonatePrivilege')"
    },
    {
        "record_number": 2185145,
        "timestamp": "Tue Jul  1 15:33:38 2025",
        "event_type": "Audit Success",
        "event_id": 4672,
        "category": 12548,
        "source": "Microsoft-Windows-Security-Auditing",
        "computer": "MRBLACK",
        "message": "('S-1-5-18', 'SYSTEM', 'NT AUTHORITY', '0x3e7', 'SeAssignPrimaryTokenPrivilege\\r\\n\\t\\t\\tSeTcbPrivilege\\r\\n\\t\\t\\tSeSecurityPrivilege\\r\\n\\t\\t\\tSeTakeOwnershipPrivilege\\r\\n\\t\\t\\tSeLoadDriverPrivilege\\r\\n\\t\\t\\tSeBackupPrivilege\\r\\n\\t\\t\\tSeRestorePrivilege\\r\\n\\t\\t\\tSeDebugPrivilege\\r\\n\\t\\t\\tSeAuditPrivilege\\r\\n\\t\\t\\tSeSystemEnvironmentPrivilege\\r\\n\\t\\t\\tSeImpersonatePrivilege\\r\\n\\t\\t\\tSeDelegateSessionUserImpersonatePrivilege')"
    },
    {
        "record_number": 2185144,
        "timestamp": "Tue Jul  1 15:33:38 2025",
        "event_type": "Audit Success",
        "event_id": 4624,
        "category": 12544,
        "source": "Microsoft-Windows-Security-Auditing",
        "computer": "MRBLACK",
        "message": "('S-1-5-18', 'MRBLACK$', 'WORKGROUP', '0x3e7', 'S-1-5-18', 'SYSTEM', 'NT AUTHORITY', '0x3e7', '5', 'Advapi  ', 'Negotiate', '-', '{00000000-0000-0000-0000-000000000000}', '-', '-', '0', '0x2d8', 'C:\\\\Windows\\\\System32\\\\services.exe', '-', '-', '%%1833', '-', '-', '-', '%%1843', '0x0', '%%1842')"
    },
    {
        "record_number": 2185143,
        "timestamp": "Tue Jul  1 15:30:20 2025",
        "event_type": "Audit Success",
        "event_id": 4672,
        "category": 12548,
        "source": "Microsoft-Windows-Security-Auditing",
        "computer": "MRBLACK",
        "message": "('S-1-5-18', 'SYSTEM', 'NT AUTHORITY', '0x3e7', 'SeAssignPrimaryTokenPrivilege\\r\\n\\t\\t\\tSeTcbPrivilege\\r\\n\\t\\t\\tSeSecurityPrivilege\\r\\n\\t\\t\\tSeTakeOwnershipPrivilege\\r\\n\\t\\t\\tSeLoadDriverPrivilege\\r\\n\\t\\t\\tSeBackupPrivilege\\r\\n\\t\\t\\tSeRestorePrivilege\\r\\n\\t\\t\\tSeDebugPrivilege\\r\\n\\t\\t\\tSeAuditPrivilege\\r\\n\\t\\t\\tSeSystemEnvironmentPrivilege\\r\\n\\t\\t\\tSeImpersonatePrivilege\\r\\n\\t\\t\\tSeDelegateSessionUserImpersonatePrivilege')"
    },
    {
        "record_number": 2185142,
        "timestamp": "Tue Jul  1 15:30:20 2025",
        "event_type": "Audit Success",
        "event_id": 4624,
        "category": 12544,
        "source": "Microsoft-Windows-Security-Auditing",
        "computer": "MRBLACK",
        "message": "('S-1-5-18', 'MRBLACK$', 'WORKGROUP', '0x3e7', 'S-1-5-18', 'SYSTEM', 'NT AUTHORITY', '0x3e7', '5', 'Advapi  ', 'Negotiate', '-', '{00000000-0000-0000-0000-000000000000}', '-', '-', '0', '0x2d8', 'C:\\\\Windows\\\\System32\\\\services.exe', '-', '-', '%%1833', '-', '-', '-', '%%1843', '0x0', '%%1842')"
    },
    {
        "record_number": 2185141,
        "timestamp": "Tue Jul  1 15:27:13 2025",
        "event_type": "Audit Success",
        "event_id": 4672,
        "category": 12548,
        "source": "Microsoft-Windows-Security-Auditing",
        "computer": "MRBLACK",
        "message": "('S-1-5-18', 'SYSTEM', 'NT AUTHORITY', '0x3e7', 'SeAssignPrimaryTokenPrivilege\\r\\n\\t\\t\\tSeTcbPrivilege\\r\\n\\t\\t\\tSeSecurityPrivilege\\r\\n\\t\\t\\tSeTakeOwnershipPrivilege\\r\\n\\t\\t\\tSeLoadDriverPrivilege\\r\\n\\t\\t\\tSeBackupPrivilege\\r\\n\\t\\t\\tSeRestorePrivilege\\r\\n\\t\\t\\tSeDebugPrivilege\\r\\n\\t\\t\\tSeAuditPrivilege\\r\\n\\t\\t\\tSeSystemEnvironmentPrivilege\\r\\n\\t\\t\\tSeImpersonatePrivilege\\r\\n\\t\\t\\tSeDelegateSessionUserImpersonatePrivilege')"
    },
    {
        "record_number": 2185145,
        "timestamp": "Tue Jul  1 15:33:38 2025",
        "event_type": "Audit Success",
        "event_id": 4672,
        "category": 12548,
        "source": "Microsoft-Windows-Security-Auditing",
        "computer": "MRBLACK",
        "message": "('S-1-5-18', 'SYSTEM', 'NT AUTHORITY', '0x3e7', 'SeAssignPrimaryTokenPrivilege\\r\\n\\t\\t\\tSeTcbPrivilege\\r\\n\\t\\t\\tSeSecurityPrivilege\\r\\n\\t\\t\\tSeTakeOwnershipPrivilege\\r\\n\\t\\t\\tSeLoadDriverPrivilege\\r\\n\\t\\t\\tSeBackupPrivilege\\r\\n\\t\\t\\tSeRestorePrivilege\\r\\n\\t\\t\\tSeDebugPrivilege\\r\\n\\t\\t\\tSeAuditPrivilege\\r\\n\\t\\t\\tSeSystemEnvironmentPrivilege\\r\\n\\t\\t\\tSeImpersonatePrivilege\\r\\n\\t\\t\\tSeDelegateSessionUserImpersonatePrivilege')"
    },
    {
        "record_number": 2185144,
        "timestamp": "Tue Jul  1 15:33:38 2025",
        "event_type": "Audit Success",
        "event_id": 4624,
        "category": 12544,
        "source": "Microsoft-Windows-Security-Auditing",
        "computer": "MRBLACK",
        "message": "('S-1-5-18', 'MRBLACK$', 'WORKGROUP', '0x3e7', 'S-1-5-18', 'SYSTEM', 'NT AUTHORITY', '0x3e7', '5', 'Advapi  ', 'Negotiate', '-', '{00000000-0000-0000-0000-000000000000}', '-', '-', '0', '0x2d8', 'C:\\\\Windows\\\\System32\\\\services.exe', '-', '-', '%%1833', '-', '-', '-', '%%1843', '0x0', '%%1842')"
    },
    {
        "record_number": 2185143,
        "timestamp": "Tue Jul  1 15:30:20 2025",
        "event_type": "Audit Success",
        "event_id": 4672,
        "category": 12548,
        "source": "Microsoft-Windows-Security-Auditing",
        "computer": "MRBLACK",
        "message": "('S-1-5-18', 'SYSTEM', 'NT AUTHORITY', '0x3e7', 'SeAssignPrimaryTokenPrivilege\\r\\n\\t\\t\\tSeTcbPrivilege\\r\\n\\t\\t\\tSeSecurityPrivilege\\r\\n\\t\\t\\tSeTakeOwnershipPrivilege\\r\\n\\t\\t\\tSeLoadDriverPrivilege\\r\\n\\t\\t\\tSeBackupPrivilege\\r\\n\\t\\t\\tSeRestorePrivilege\\r\\n\\t\\t\\tSeDebugPrivilege\\r\\n\\t\\t\\tSeAuditPrivilege\\r\\n\\t\\t\\tSeSystemEnvironmentPrivilege\\r\\n\\t\\t\\tSeImpersonatePrivilege\\r\\n\\t\\t\\tSeDelegateSessionUserImpersonatePrivilege')"
    },
    {
        "record_number": 2185142,
        "timestamp": "Tue Jul  1 15:30:20 2025",
        "event_type": "Audit Success",
        "event_id": 4624,
        "category": 12544,
        "source": "Microsoft-Windows-Security-Auditing",
        "computer": "MRBLACK",
        "message": "('S-1-5-18', 'MRBLACK$', 'WORKGROUP', '0x3e7', 'S-1-5-18', 'SYSTEM', 'NT AUTHORITY', '0x3e7', '5', 'Advapi  ', 'Negotiate', '-', '{00000000-0000-0000-0000-000000000000}', '-', '-', '0', '0x2d8', 'C:\\\\Windows\\\\System32\\\\services.exe', '-', '-', '%%1833', '-', '-', '-', '%%1843', '0x0', '%%1842')"
    },
    {
        "record_number": 2185141,
        "timestamp": "Tue Jul  1 15:27:13 2025",
        "event_type": "Audit Success",
        "event_id": 4672,
        "category": 12548,
        "source": "Microsoft-Windows-Security-Auditing",
        "computer": "MRBLACK",
        "message": "('S-1-5-18', 'SYSTEM', 'NT AUTHORITY', '0x3e7', 'SeAssignPrimaryTokenPrivilege\\r\\n\\t\\t\\tSeTcbPrivilege\\r\\n\\t\\t\\tSeSecurityPrivilege\\r\\n\\t\\t\\tSeTakeOwnershipPrivilege\\r\\n\\t\\t\\tSeLoadDriverPrivilege\\r\\n\\t\\t\\tSeBackupPrivilege\\r\\n\\t\\t\\tSeRestorePrivilege\\r\\n\\t\\t\\tSeDebugPrivilege\\r\\n\\t\\t\\tSeAuditPrivilege\\r\\n\\t\\t\\tSeSystemEnvironmentPrivilege\\r\\n\\t\\t\\tSeImpersonatePrivilege\\r\\n\\t\\t\\tSeDelegateSessionUserImpersonatePrivilege')"
    },
    {
        "record_number": 2185145,
        "timestamp": "Tue Jul  1 15:33:38 2025",
        "event_type": "Audit Success",
        "event_id": 4672,
        "category": 12548,
        "source": "Microsoft-Windows-Security-Auditing",
        "computer": "MRBLACK",
        "message": "('S-1-5-18', 'SYSTEM', 'NT AUTHORITY', '0x3e7', 'SeAssignPrimaryTokenPrivilege\\r\\n\\t\\t\\tSeTcbPrivilege\\r\\n\\t\\t\\tSeSecurityPrivilege\\r\\n\\t\\t\\tSeTakeOwnershipPrivilege\\r\\n\\t\\t\\tSeLoadDriverPrivilege\\r\\n\\t\\t\\tSeBackupPrivilege\\r\\n\\t\\t\\tSeRestorePrivilege\\r\\n\\t\\t\\tSeDebugPrivilege\\r\\n\\t\\t\\tSeAuditPrivilege\\r\\n\\t\\t\\tSeSystemEnvironmentPrivilege\\r\\n\\t\\t\\tSeImpersonatePrivilege\\r\\n\\t\\t\\tSeDelegateSessionUserImpersonatePrivilege')"
    },
    {
        "record_number": 2185144,
        "timestamp": "Tue Jul  1 15:33:38 2025",
        "event_type": "Audit Success",
        "event_id": 4624,
        "category": 12544,
        "source": "Microsoft-Windows-Security-Auditing",
        "computer": "MRBLACK",
        "message": "('S-1-5-18', 'MRBLACK$', 'WORKGROUP', '0x3e7', 'S-1-5-18', 'SYSTEM', 'NT AUTHORITY', '0x3e7', '5', 'Advapi  ', 'Negotiate', '-', '{00000000-0000-0000-0000-000000000000}', '-', '-', '0', '0x2d8', 'C:\\\\Windows\\\\System32\\\\services.exe', '-', '-', '%%1833', '-', '-', '-', '%%1843', '0x0', '%%1842')"
    },
    {
        "record_number": 2185143,
        "timestamp": "Tue Jul  1 15:30:20 2025",
        "event_type": "Audit Success",
        "event_id": 4672,
        "category": 12548,
        "source": "Microsoft-Windows-Security-Auditing",
        "computer": "MRBLACK",
        "message": "('S-1-5-18', 'SYSTEM', 'NT AUTHORITY', '0x3e7', 'SeAssignPrimaryTokenPrivilege\\r\\n\\t\\t\\tSeTcbPrivilege\\r\\n\\t\\t\\tSeSecurityPrivilege\\r\\n\\t\\t\\tSeTakeOwnershipPrivilege\\r\\n\\t\\t\\tSeLoadDriverPrivilege\\r\\n\\t\\t\\tSeBackupPrivilege\\r\\n\\t\\t\\tSeRestorePrivilege\\r\\n\\t\\t\\tSeDebugPrivilege\\r\\n\\t\\t\\tSeAuditPrivilege\\r\\n\\t\\t\\tSeSystemEnvironmentPrivilege\\r\\n\\t\\t\\tSeImpersonatePrivilege\\r\\n\\t\\t\\tSeDelegateSessionUserImpersonatePrivilege')"
    },
    {
        "record_number": 2185142,
        "timestamp": "Tue Jul  1 15:30:20 2025",
        "event_type": "Audit Success",
        "event_id": 4624,
        "category": 12544,
        "source": "Microsoft-Windows-Security-Auditing",
        "computer": "MRBLACK",
        "message": "('S-1-5-18', 'MRBLACK$', 'WORKGROUP', '0x3e7', 'S-1-5-18', 'SYSTEM', 'NT AUTHORITY', '0x3e7', '5', 'Advapi  ', 'Negotiate', '-', '{00000000-0000-0000-0000-000000000000}', '-', '-', '0', '0x2d8', 'C:\\\\Windows\\\\System32\\\\services.exe', '-', '-', '%%1833', '-', '-', '-', '%%1843', '0x0', '%%1842')"
    },
    {
        "record_number": 2185141,
        "timestamp": "Tue Jul  1 15:27:13 2025",
        "event_type": "Audit Success",
        "event_id": 4672,
        "category": 12548,
        "source": "Microsoft-Windows-Security-Auditing",
        "computer": "MRBLACK",
        "message": "('S-1-5-18', 'SYSTEM', 'NT AUTHORITY', '0x3e7', 'SeAssignPrimaryTokenPrivilege\\r\\n\\t\\t\\tSeTcbPrivilege\\r\\n\\t\\t\\tSeSecurityPrivilege\\r\\n\\t\\t\\tSeTakeOwnershipPrivilege\\r\\n\\t\\t\\tSeLoadDriverPrivilege\\r\\n\\t\\t\\tSeBackupPrivilege\\r\\n\\t\\t\\tSeRestorePrivilege\\r\\n\\t\\t\\tSeDebugPrivilege\\r\\n\\t\\t\\tSeAuditPrivilege\\r\\n\\t\\t\\tSeSystemEnvironmentPrivilege\\r\\n\\t\\t\\tSeImpersonatePrivilege\\r\\n\\t\\t\\tSeDelegateSessionUserImpersonatePrivilege')"
    },
    {
        "record_number": 2185145,
        "timestamp": "Tue Jul  1 15:33:38 2025",
        "event_type": "Audit Success",
        "event_id": 4672,
        "category": 12548,
        "source": "Microsoft-Windows-Security-Auditing",
        "computer": "MRBLACK",
        "message": "('S-1-5-18', 'SYSTEM', 'NT AUTHORITY', '0x3e7', 'SeAssignPrimaryTokenPrivilege\\r\\n\\t\\t\\tSeTcbPrivilege\\r\\n\\t\\t\\tSeSecurityPrivilege\\r\\n\\t\\t\\tSeTakeOwnershipPrivilege\\r\\n\\t\\t\\tSeLoadDriverPrivilege\\r\\n\\t\\t\\tSeBackupPrivilege\\r\\n\\t\\t\\tSeRestorePrivilege\\r\\n\\t\\t\\tSeDebugPrivilege\\r\\n\\t\\t\\tSeAuditPrivilege\\r\\n\\t\\t\\tSeSystemEnvironmentPrivilege\\r\\n\\t\\t\\tSeImpersonatePrivilege\\r\\n\\t\\t\\tSeDelegateSessionUserImpersonatePrivilege')"
    },
    {
        "record_number": 2185144,
        "timestamp": "Tue Jul  1 15:33:38 2025",
        "event_type": "Audit Success",
        "event_id": 4624,
        "category": 12544,
        "source": "Microsoft-Windows-Security-Auditing",
        "computer": "MRBLACK",
        "message": "('S-1-5-18', 'MRBLACK$', 'WORKGROUP', '0x3e7', 'S-1-5-18', 'SYSTEM', 'NT AUTHORITY', '0x3e7', '5', 'Advapi  ', 'Negotiate', '-', '{00000000-0000-0000-0000-000000000000}', '-', '-', '0', '0x2d8', 'C:\\\\Windows\\\\System32\\\\services.exe', '-', '-', '%%1833', '-', '-', '-', '%%1843', '0x0', '%%1842')"
    },
    {
        "record_number": 2185143,
        "timestamp": "Tue Jul  1 15:30:20 2025",
        "event_type": "Audit Success",
        "event_id": 4672,
        "category": 12548,
        "source": "Microsoft-Windows-Security-Auditing",
        "computer": "MRBLACK",
        "message": "('S-1-5-18', 'SYSTEM', 'NT AUTHORITY', '0x3e7', 'SeAssignPrimaryTokenPrivilege\\r\\n\\t\\t\\tSeTcbPrivilege\\r\\n\\t\\t\\tSeSecurityPrivilege\\r\\n\\t\\t\\tSeTakeOwnershipPrivilege\\r\\n\\t\\t\\tSeLoadDriverPrivilege\\r\\n\\t\\t\\tSeBackupPrivilege\\r\\n\\t\\t\\tSeRestorePrivilege\\r\\n\\t\\t\\tSeDebugPrivilege\\r\\n\\t\\t\\tSeAuditPrivilege\\r\\n\\t\\t\\tSeSystemEnvironmentPrivilege\\r\\n\\t\\t\\tSeImpersonatePrivilege\\r\\n\\t\\t\\tSeDelegateSessionUserImpersonatePrivilege')"
    },
    {
        "record_number": 2185142,
        "timestamp": "Tue Jul  1 15:30:20 2025",
        "event_type": "Audit Success",
        "event_id": 4624,
        "category": 12544,
        "source": "Microsoft-Windows-Security-Auditing",
        "computer": "MRBLACK",
        "message": "('S-1-5-18', 'MRBLACK$', 'WORKGROUP', '0x3e7', 'S-1-5-18', 'SYSTEM', 'NT AUTHORITY', '0x3e7', '5', 'Advapi  ', 'Negotiate', '-', '{00000000-0000-0000-0000-000000000000}', '-', '-', '0', '0x2d8', 'C:\\\\Windows\\\\System32\\\\services.exe', '-', '-', '%%1833', '-', '-', '-', '%%1843', '0x0', '%%1842')"
    },
    {
        "record_number": 2185141,
        "timestamp": "Tue Jul  1 15:27:13 2025",
        "event_type": "Audit Success",
        "event_id": 4672,
        "category": 12548,
        "source": "Microsoft-Windows-Security-Auditing",
        "computer": "MRBLACK",
        "message": "('S-1-5-18', 'SYSTEM', 'NT AUTHORITY', '0x3e7', 'SeAssignPrimaryTokenPrivilege\\r\\n\\t\\t\\tSeTcbPrivilege\\r\\n\\t\\t\\tSeSecurityPrivilege\\r\\n\\t\\t\\tSeTakeOwnershipPrivilege\\r\\n\\t\\t\\tSeLoadDriverPrivilege\\r\\n\\t\\t\\tSeBackupPrivilege\\r\\n\\t\\t\\tSeRestorePrivilege\\r\\n\\t\\t\\tSeDebugPrivilege\\r\\n\\t\\t\\tSeAuditPrivilege\\r\\n\\t\\t\\tSeSystemEnvironmentPrivilege\\r\\n\\t\\t\\tSeImpersonatePrivilege\\r\\n\\t\\t\\tSeDelegateSessionUserImpersonatePrivilege')"
    }
]